#
# There is insufficient memory for the Java Runtime Environment to continue.
# Native memory allocation (malloc) failed to allocate 637856 bytes. Error detail: Chunk::new
# Possible reasons:
#   The system is out of physical RAM or swap space
#   This process is running with CompressedOops enabled, and the Java Heap may be blocking the growth of the native heap
# Possible solutions:
#   Reduce memory load on the system
#   Increase physical memory or swap space
#   Check if swap backing store is full
#   Decrease Java heap size (-Xmx/-Xms)
#   Decrease number of Java threads
#   Decrease Java thread stack sizes (-Xss)
#   Set larger code cache with -XX:ReservedCodeCacheSize=
#   JVM is running with Unscaled Compressed Oops mode in which the Java heap is
#     placed in the first 4GB address space. The Java Heap base address is the
#     maximum limit for the native heap growth. Please use -XX:HeapBaseMinAddress
#     to set the Java Heap base and to place the Java Heap above 4GB virtual address.
# This output file may be truncated or incomplete.
#
#  Out of Memory Error (arena.cpp:191), pid=3860, tid=1464
#
# JRE version: OpenJDK Runtime Environment (17.0.11) (build 17.0.11+0--11852314)
# Java VM: OpenJDK 64-Bit Server VM (17.0.11+0--11852314, mixed mode, tiered, compressed oops, compressed class ptrs, g1 gc, windows-amd64)
# No core dump will be written. Minidumps are not enabled by default on client versions of Windows
#

---------------  S U M M A R Y ------------

Command Line: org.jetbrains.kotlin.cli.jvm.K2JVMCompiler @C:\Users\Hp\Downloads\theSkillGuru\theSkillGuru\app\build\20240927_6218339884184355795.compiler.options

Host: Intel(R) Core(TM) i5-6200U CPU @ 2.30GHz, 4 cores, 7G,  Windows 10 , 64 bit Build 19041 (10.0.19041.3636)
Time: Fri Sep 27 16:36:35 2024 India Standard Time elapsed time: 20.388403 seconds (0d 0h 0m 20s)

---------------  T H R E A D  ---------------

Current thread (0x0000021f49aa9de0):  JavaThread "C2 CompilerThread1" daemon [_thread_in_native, id=1464, stack(0x000000876f700000,0x000000876f800000)]


Current CompileTask:
C2:  20388 10872       4       org.jetbrains.kotlin.psi.KtFile::getNameForGivenImportAlias (100 bytes)

Stack: [0x000000876f700000,0x000000876f800000]
Native frames: (J=compiled Java code, j=interpreted, Vv=VM code, C=native code)
V  [jvm.dll+0x687bb9]
V  [jvm.dll+0x84142a]
V  [jvm.dll+0x8430ae]
V  [jvm.dll+0x843713]
V  [jvm.dll+0x24a35f]
V  [jvm.dll+0xac544]
V  [jvm.dll+0xacb8c]
V  [jvm.dll+0x2b194f]
V  [jvm.dll+0x58eba7]
V  [jvm.dll+0x2247e2]
V  [jvm.dll+0x224bdf]
V  [jvm.dll+0x21dd00]
V  [jvm.dll+0x21b201]
V  [jvm.dll+0x1a63ed]
V  [jvm.dll+0x22b1ee]
V  [jvm.dll+0x229375]
V  [jvm.dll+0x7f5647]
V  [jvm.dll+0x7efa4a]
V  [jvm.dll+0x686a35]
C  [ucrtbase.dll+0x21bb2]
C  [KERNEL32.DLL+0x17344]
C  [ntdll.dll+0x526b1]


---------------  P R O C E S S  ---------------

Threads class SMR info:
_java_thread_list=0x0000021f4b2a7e20, length=13, elements={
0x0000021f2925d2c0, 0x0000021f44208530, 0x0000021f44209a70, 0x0000021f444c0430,
0x0000021f444c1e10, 0x0000021f444c27d0, 0x0000021f444b4c00, 0x0000021f444b9de0,
0x0000021f444bb7d0, 0x0000021f444c9610, 0x0000021f44637470, 0x0000021f44637f10,
0x0000021f49aa9de0
}

Java Threads: ( => current thread )
  0x0000021f2925d2c0 JavaThread "main" [_thread_in_Java, id=1036, stack(0x000000876e400000,0x000000876e500000)]
  0x0000021f44208530 JavaThread "Reference Handler" daemon [_thread_blocked, id=10628, stack(0x000000876eb00000,0x000000876ec00000)]
  0x0000021f44209a70 JavaThread "Finalizer" daemon [_thread_blocked, id=972, stack(0x000000876ec00000,0x000000876ed00000)]
  0x0000021f444c0430 JavaThread "Signal Dispatcher" daemon [_thread_blocked, id=5252, stack(0x000000876ed00000,0x000000876ee00000)]
  0x0000021f444c1e10 JavaThread "Attach Listener" daemon [_thread_blocked, id=3624, stack(0x000000876ee00000,0x000000876ef00000)]
  0x0000021f444c27d0 JavaThread "Service Thread" daemon [_thread_blocked, id=10232, stack(0x000000876ef00000,0x000000876f000000)]
  0x0000021f444b4c00 JavaThread "Monitor Deflation Thread" daemon [_thread_blocked, id=10400, stack(0x000000876f000000,0x000000876f100000)]
  0x0000021f444b9de0 JavaThread "C2 CompilerThread0" daemon [_thread_in_native, id=1532, stack(0x000000876f100000,0x000000876f200000)]
  0x0000021f444bb7d0 JavaThread "C1 CompilerThread0" daemon [_thread_in_native, id=9020, stack(0x000000876f200000,0x000000876f300000)]
  0x0000021f444c9610 JavaThread "Sweeper thread" daemon [_thread_blocked, id=6980, stack(0x000000876f300000,0x000000876f400000)]
  0x0000021f44637470 JavaThread "Notification Thread" daemon [_thread_blocked, id=11632, stack(0x000000876f400000,0x000000876f500000)]
  0x0000021f44637f10 JavaThread "Common-Cleaner" daemon [_thread_blocked, id=11260, stack(0x000000876f600000,0x000000876f700000)]
=>0x0000021f49aa9de0 JavaThread "C2 CompilerThread1" daemon [_thread_in_native, id=1464, stack(0x000000876f700000,0x000000876f800000)]

Other Threads:
  0x0000021f441ba6c0 VMThread "VM Thread" [stack: 0x000000876ea00000,0x000000876eb00000] [id=1084]
  0x0000021f444f3890 WatcherThread [stack: 0x000000876f500000,0x000000876f600000] [id=2740]
  0x0000021f292b3bb0 GCTaskThread "GC Thread#0" [stack: 0x000000876e500000,0x000000876e600000] [id=3632]
  0x0000021f491e1c20 GCTaskThread "GC Thread#1" [stack: 0x000000876f800000,0x000000876f900000] [id=6408]
  0x0000021f491d61b0 GCTaskThread "GC Thread#2" [stack: 0x000000876f900000,0x000000876fa00000] [id=6396]
  0x0000021f4922a850 GCTaskThread "GC Thread#3" [stack: 0x000000876fa00000,0x000000876fb00000] [id=10552]
  0x0000021f292c3880 ConcurrentGCThread "G1 Main Marker" [stack: 0x000000876e600000,0x000000876e700000] [id=9112]
  0x0000021f292c42a0 ConcurrentGCThread "G1 Conc#0" [stack: 0x000000876e700000,0x000000876e800000] [id=1864]
  0x0000021f44070490 ConcurrentGCThread "G1 Refine#0" [stack: 0x000000876e800000,0x000000876e900000] [id=10956]
  0x0000021f49c9a970 ConcurrentGCThread "G1 Refine#1" [stack: 0x000000876fb00000,0x000000876fc00000] [id=4056]
  0x0000021f49c9af60 ConcurrentGCThread "G1 Refine#2" [stack: 0x000000876fc00000,0x000000876fd00000] [id=12976]
  0x0000021f44070ec0 ConcurrentGCThread "G1 Service" [stack: 0x000000876e900000,0x000000876ea00000] [id=5116]

Threads with active compile tasks:
C2 CompilerThread0    20419 10806       4       org.jetbrains.kotlin.resolve.calls.smartcasts.IdentifierInfoKt::getIdForStableIdentifier (421 bytes)
C1 CompilerThread0    20419 10908       3       org.jetbrains.kotlin.resolve.calls.inference.components.ConstraintIncorporator::insideOtherConstraint (228 bytes)
C2 CompilerThread1    20419 10872       4       org.jetbrains.kotlin.psi.KtFile::getNameForGivenImportAlias (100 bytes)

VM state: not at safepoint (normal execution)

VM Mutex/Monitor currently owned by a thread: None

Heap address: 0x0000000089400000, size: 1900 MB, Compressed Oops mode: 32-bit

CDS archive(s) not mapped
Compressed class space mapped at: 0x0000000100000000-0x0000000140000000, reserved size: 1073741824
Narrow klass base: 0x0000000000000000, Narrow klass shift: 3, Narrow klass range: 0x140000000

GC Precious Log:
 CPUs: 4 total, 4 available
 Memory: 7592M
 Large Page Support: Disabled
 NUMA Support: Disabled
 Compressed Oops: Enabled (32-bit)
 Heap Region Size: 1M
 Heap Min Capacity: 8M
 Heap Initial Capacity: 120M
 Heap Max Capacity: 1900M
 Pre-touch: Disabled
 Parallel Workers: 4
 Concurrent Workers: 1
 Concurrent Refinement Workers: 4
 Periodic GC: Disabled

Heap:
 garbage-first heap   total 159744K, used 105424K [0x0000000089400000, 0x0000000100000000)
  region size 1024K, 46 young (47104K), 8 survivors (8192K)
 Metaspace       used 65083K, committed 65280K, reserved 1114112K
  class space    used 7408K, committed 7488K, reserved 1048576K

Heap Regions: E=young(eden), S=young(survivor), O=old, HS=humongous(starts), HC=humongous(continues), CS=collection set, F=free, OA=open archive, CA=closed archive, TAMS=top-at-mark-start (previous, next)
|   0|0x0000000089400000, 0x0000000089500000, 0x0000000089500000|100%|HS|  |TAMS 0x0000000089500000, 0x0000000089400000| Complete 
|   1|0x0000000089500000, 0x0000000089600000, 0x0000000089600000|100%|HC|  |TAMS 0x0000000089600000, 0x0000000089500000| Complete 
|   2|0x0000000089600000, 0x0000000089700000, 0x0000000089700000|100%|HC|  |TAMS 0x0000000089700000, 0x0000000089600000| Complete 
|   3|0x0000000089700000, 0x0000000089800000, 0x0000000089800000|100%|HC|  |TAMS 0x0000000089800000, 0x0000000089700000| Complete 
|   4|0x0000000089800000, 0x00000000898f4200, 0x0000000089900000| 95%| O|  |TAMS 0x00000000898f4200, 0x0000000089800000| Untracked 
|   5|0x0000000089900000, 0x0000000089a00000, 0x0000000089a00000|100%| O|  |TAMS 0x0000000089a00000, 0x0000000089900000| Untracked 
|   6|0x0000000089a00000, 0x0000000089b00000, 0x0000000089b00000|100%| O|  |TAMS 0x0000000089b00000, 0x0000000089a00000| Untracked 
|   7|0x0000000089b00000, 0x0000000089c00000, 0x0000000089c00000|100%| O|  |TAMS 0x0000000089c00000, 0x0000000089b00000| Untracked 
|   8|0x0000000089c00000, 0x0000000089d00000, 0x0000000089d00000|100%| O|  |TAMS 0x0000000089d00000, 0x0000000089c00000| Untracked 
|   9|0x0000000089d00000, 0x0000000089e00000, 0x0000000089e00000|100%| O|  |TAMS 0x0000000089e00000, 0x0000000089d00000| Untracked 
|  10|0x0000000089e00000, 0x0000000089f00000, 0x0000000089f00000|100%| O|  |TAMS 0x0000000089f00000, 0x0000000089e00000| Untracked 
|  11|0x0000000089f00000, 0x000000008a000000, 0x000000008a000000|100%| O|  |TAMS 0x000000008a000000, 0x0000000089f00000| Untracked 
|  12|0x000000008a000000, 0x000000008a100000, 0x000000008a100000|100%| O|  |TAMS 0x000000008a100000, 0x000000008a000000| Untracked 
|  13|0x000000008a100000, 0x000000008a200000, 0x000000008a200000|100%| O|  |TAMS 0x000000008a200000, 0x000000008a100000| Untracked 
|  14|0x000000008a200000, 0x000000008a300000, 0x000000008a300000|100%| O|  |TAMS 0x000000008a300000, 0x000000008a200000| Untracked 
|  15|0x000000008a300000, 0x000000008a400000, 0x000000008a400000|100%| O|  |TAMS 0x000000008a300000, 0x000000008a300000| Untracked 
|  16|0x000000008a400000, 0x000000008a500000, 0x000000008a500000|100%| O|  |TAMS 0x000000008a500000, 0x000000008a400000| Untracked 
|  17|0x000000008a500000, 0x000000008a600000, 0x000000008a600000|100%| O|  |TAMS 0x000000008a600000, 0x000000008a500000| Untracked 
|  18|0x000000008a600000, 0x000000008a700000, 0x000000008a700000|100%| O|  |TAMS 0x000000008a700000, 0x000000008a600000| Untracked 
|  19|0x000000008a700000, 0x000000008a800000, 0x000000008a800000|100%| O|  |TAMS 0x000000008a800000, 0x000000008a700000| Untracked 
|  20|0x000000008a800000, 0x000000008a900000, 0x000000008a900000|100%| O|  |TAMS 0x000000008a900000, 0x000000008a800000| Untracked 
|  21|0x000000008a900000, 0x000000008aa00000, 0x000000008aa00000|100%| O|  |TAMS 0x000000008a900000, 0x000000008a900000| Untracked 
|  22|0x000000008aa00000, 0x000000008ab00000, 0x000000008ab00000|100%| O|  |TAMS 0x000000008ab00000, 0x000000008aa00000| Untracked 
|  23|0x000000008ab00000, 0x000000008ac00000, 0x000000008ac00000|100%| O|  |TAMS 0x000000008ac00000, 0x000000008ab00000| Untracked 
|  24|0x000000008ac00000, 0x000000008ad00000, 0x000000008ad00000|100%| O|  |TAMS 0x000000008ad00000, 0x000000008ac00000| Untracked 
|  25|0x000000008ad00000, 0x000000008ae00000, 0x000000008ae00000|100%|HS|  |TAMS 0x000000008ae00000, 0x000000008ad00000| Complete 
|  26|0x000000008ae00000, 0x000000008af00000, 0x000000008af00000|100%|HC|  |TAMS 0x000000008af00000, 0x000000008ae00000| Complete 
|  27|0x000000008af00000, 0x000000008b000000, 0x000000008b000000|100%| O|  |TAMS 0x000000008b000000, 0x000000008af00000| Untracked 
|  28|0x000000008b000000, 0x000000008b100000, 0x000000008b100000|100%| O|  |TAMS 0x000000008b100000, 0x000000008b000000| Untracked 
|  29|0x000000008b100000, 0x000000008b200000, 0x000000008b200000|100%| O|  |TAMS 0x000000008b200000, 0x000000008b100000| Untracked 
|  30|0x000000008b200000, 0x000000008b300000, 0x000000008b300000|100%| O|  |TAMS 0x000000008b300000, 0x000000008b200000| Untracked 
|  31|0x000000008b300000, 0x000000008b400000, 0x000000008b400000|100%| O|  |TAMS 0x000000008b400000, 0x000000008b300000| Untracked 
|  32|0x000000008b400000, 0x000000008b500000, 0x000000008b500000|100%| O|  |TAMS 0x000000008b500000, 0x000000008b400000| Untracked 
|  33|0x000000008b500000, 0x000000008b600000, 0x000000008b600000|100%| O|  |TAMS 0x000000008b600000, 0x000000008b500000| Untracked 
|  34|0x000000008b600000, 0x000000008b700000, 0x000000008b700000|100%| O|  |TAMS 0x000000008b700000, 0x000000008b600000| Untracked 
|  35|0x000000008b700000, 0x000000008b800000, 0x000000008b800000|100%| O|  |TAMS 0x000000008b800000, 0x000000008b700000| Untracked 
|  36|0x000000008b800000, 0x000000008b900000, 0x000000008b900000|100%| O|  |TAMS 0x000000008b900000, 0x000000008b800000| Untracked 
|  37|0x000000008b900000, 0x000000008ba00000, 0x000000008ba00000|100%| O|  |TAMS 0x000000008ba00000, 0x000000008b900000| Untracked 
|  38|0x000000008ba00000, 0x000000008bb00000, 0x000000008bb00000|100%| O|  |TAMS 0x000000008baed000, 0x000000008ba00000| Untracked 
|  39|0x000000008bb00000, 0x000000008bc00000, 0x000000008bc00000|100%| O|  |TAMS 0x000000008bb00000, 0x000000008bb00000| Untracked 
|  40|0x000000008bc00000, 0x000000008bd00000, 0x000000008bd00000|100%| O|  |TAMS 0x000000008bc00000, 0x000000008bc00000| Untracked 
|  41|0x000000008bd00000, 0x000000008be00000, 0x000000008be00000|100%| O|  |TAMS 0x000000008bd00000, 0x000000008bd00000| Untracked 
|  42|0x000000008be00000, 0x000000008bf00000, 0x000000008bf00000|100%| O|  |TAMS 0x000000008be00000, 0x000000008be00000| Untracked 
|  43|0x000000008bf00000, 0x000000008c000000, 0x000000008c000000|100%| O|  |TAMS 0x000000008bf00000, 0x000000008bf00000| Untracked 
|  44|0x000000008c000000, 0x000000008c100000, 0x000000008c100000|100%| O|  |TAMS 0x000000008c000000, 0x000000008c000000| Untracked 
|  45|0x000000008c100000, 0x000000008c200000, 0x000000008c200000|100%| O|  |TAMS 0x000000008c100000, 0x000000008c100000| Untracked 
|  46|0x000000008c200000, 0x000000008c300000, 0x000000008c300000|100%| O|  |TAMS 0x000000008c200000, 0x000000008c200000| Untracked 
|  47|0x000000008c300000, 0x000000008c400000, 0x000000008c400000|100%| O|  |TAMS 0x000000008c300000, 0x000000008c300000| Untracked 
|  48|0x000000008c400000, 0x000000008c500000, 0x000000008c500000|100%| O|  |TAMS 0x000000008c400000, 0x000000008c400000| Untracked 
|  49|0x000000008c500000, 0x000000008c600000, 0x000000008c600000|100%| O|  |TAMS 0x000000008c500000, 0x000000008c500000| Untracked 
|  50|0x000000008c600000, 0x000000008c700000, 0x000000008c700000|100%| O|  |TAMS 0x000000008c600000, 0x000000008c600000| Untracked 
|  51|0x000000008c700000, 0x000000008c800000, 0x000000008c800000|100%| O|  |TAMS 0x000000008c700000, 0x000000008c700000| Untracked 
|  52|0x000000008c800000, 0x000000008c800000, 0x000000008c900000|  0%| F|  |TAMS 0x000000008c800000, 0x000000008c800000| Untracked 
|  53|0x000000008c900000, 0x000000008ca00000, 0x000000008ca00000|100%| O|  |TAMS 0x000000008c900000, 0x000000008c900000| Untracked 
|  54|0x000000008ca00000, 0x000000008cb00000, 0x000000008cb00000|100%| O|  |TAMS 0x000000008ca00000, 0x000000008ca00000| Untracked 
|  55|0x000000008cb00000, 0x000000008cc00000, 0x000000008cc00000|100%| O|  |TAMS 0x000000008cb00000, 0x000000008cb00000| Untracked 
|  56|0x000000008cc00000, 0x000000008cd00000, 0x000000008cd00000|100%| O|  |TAMS 0x000000008cc00000, 0x000000008cc00000| Untracked 
|  57|0x000000008cd00000, 0x000000008ce00000, 0x000000008ce00000|100%| O|  |TAMS 0x000000008cd00000, 0x000000008cd00000| Untracked 
|  58|0x000000008ce00000, 0x000000008cf00000, 0x000000008cf00000|100%| O|  |TAMS 0x000000008ce00000, 0x000000008ce00000| Untracked 
|  59|0x000000008cf00000, 0x000000008cf00000, 0x000000008d000000|  0%| F|  |TAMS 0x000000008cf00000, 0x000000008cf00000| Untracked 
|  60|0x000000008d000000, 0x000000008d000000, 0x000000008d100000|  0%| F|  |TAMS 0x000000008d000000, 0x000000008d000000| Untracked 
|  61|0x000000008d100000, 0x000000008d100000, 0x000000008d200000|  0%| F|  |TAMS 0x000000008d100000, 0x000000008d100000| Untracked 
|  62|0x000000008d200000, 0x000000008d200000, 0x000000008d300000|  0%| F|  |TAMS 0x000000008d200000, 0x000000008d200000| Untracked 
|  63|0x000000008d300000, 0x000000008d300000, 0x000000008d400000|  0%| F|  |TAMS 0x000000008d300000, 0x000000008d300000| Untracked 
|  64|0x000000008d400000, 0x000000008d400000, 0x000000008d500000|  0%| F|  |TAMS 0x000000008d400000, 0x000000008d400000| Untracked 
|  65|0x000000008d500000, 0x000000008d500000, 0x000000008d600000|  0%| F|  |TAMS 0x000000008d500000, 0x000000008d500000| Untracked 
|  66|0x000000008d600000, 0x000000008d600000, 0x000000008d700000|  0%| F|  |TAMS 0x000000008d600000, 0x000000008d600000| Untracked 
|  67|0x000000008d700000, 0x000000008d700000, 0x000000008d800000|  0%| F|  |TAMS 0x000000008d700000, 0x000000008d700000| Untracked 
|  68|0x000000008d800000, 0x000000008d800000, 0x000000008d900000|  0%| F|  |TAMS 0x000000008d800000, 0x000000008d800000| Untracked 
|  69|0x000000008d900000, 0x000000008d900000, 0x000000008da00000|  0%| F|  |TAMS 0x000000008d900000, 0x000000008d900000| Untracked 
|  70|0x000000008da00000, 0x000000008da00000, 0x000000008db00000|  0%| F|  |TAMS 0x000000008da00000, 0x000000008da00000| Untracked 
|  71|0x000000008db00000, 0x000000008db00000, 0x000000008dc00000|  0%| F|  |TAMS 0x000000008db00000, 0x000000008db00000| Untracked 
|  72|0x000000008dc00000, 0x000000008dc00000, 0x000000008dd00000|  0%| F|  |TAMS 0x000000008dc00000, 0x000000008dc00000| Untracked 
|  73|0x000000008dd00000, 0x000000008dd00000, 0x000000008de00000|  0%| F|  |TAMS 0x000000008dd00000, 0x000000008dd00000| Untracked 
|  74|0x000000008de00000, 0x000000008de00000, 0x000000008df00000|  0%| F|  |TAMS 0x000000008de00000, 0x000000008de00000| Untracked 
|  75|0x000000008df00000, 0x000000008df00000, 0x000000008e000000|  0%| F|  |TAMS 0x000000008df00000, 0x000000008df00000| Untracked 
|  76|0x000000008e000000, 0x000000008e000000, 0x000000008e100000|  0%| F|  |TAMS 0x000000008e000000, 0x000000008e000000| Untracked 
|  77|0x000000008e100000, 0x000000008e100000, 0x000000008e200000|  0%| F|  |TAMS 0x000000008e100000, 0x000000008e100000| Untracked 
|  78|0x000000008e200000, 0x000000008e200000, 0x000000008e300000|  0%| F|  |TAMS 0x000000008e200000, 0x000000008e200000| Untracked 
|  79|0x000000008e300000, 0x000000008e300000, 0x000000008e400000|  0%| F|  |TAMS 0x000000008e300000, 0x000000008e300000| Untracked 
|  80|0x000000008e400000, 0x000000008e400000, 0x000000008e500000|  0%| F|  |TAMS 0x000000008e400000, 0x000000008e400000| Untracked 
|  81|0x000000008e500000, 0x000000008e500000, 0x000000008e600000|  0%| F|  |TAMS 0x000000008e500000, 0x000000008e500000| Untracked 
|  82|0x000000008e600000, 0x000000008e600000, 0x000000008e700000|  0%| F|  |TAMS 0x000000008e600000, 0x000000008e600000| Untracked 
|  83|0x000000008e700000, 0x000000008e700000, 0x000000008e800000|  0%| F|  |TAMS 0x000000008e700000, 0x000000008e700000| Untracked 
|  84|0x000000008e800000, 0x000000008e800000, 0x000000008e900000|  0%| F|  |TAMS 0x000000008e800000, 0x000000008e800000| Untracked 
|  85|0x000000008e900000, 0x000000008e900000, 0x000000008ea00000|  0%| F|  |TAMS 0x000000008e900000, 0x000000008e900000| Untracked 
|  86|0x000000008ea00000, 0x000000008eb00000, 0x000000008eb00000|100%| S|CS|TAMS 0x000000008ea00000, 0x000000008ea00000| Complete 
|  87|0x000000008eb00000, 0x000000008ec00000, 0x000000008ec00000|100%| S|CS|TAMS 0x000000008eb00000, 0x000000008eb00000| Complete 
|  88|0x000000008ec00000, 0x000000008ec00000, 0x000000008ed00000|  0%| F|  |TAMS 0x000000008ec00000, 0x000000008ec00000| Untracked 
|  89|0x000000008ed00000, 0x000000008ee00000, 0x000000008ee00000|100%| S|CS|TAMS 0x000000008ed00000, 0x000000008ed00000| Complete 
|  90|0x000000008ee00000, 0x000000008ef00000, 0x000000008ef00000|100%| S|CS|TAMS 0x000000008ee00000, 0x000000008ee00000| Complete 
|  91|0x000000008ef00000, 0x000000008ef00000, 0x000000008f000000|  0%| F|  |TAMS 0x000000008ef00000, 0x000000008ef00000| Untracked 
|  92|0x000000008f000000, 0x000000008f100000, 0x000000008f100000|100%| S|CS|TAMS 0x000000008f000000, 0x000000008f000000| Complete 
|  93|0x000000008f100000, 0x000000008f200000, 0x000000008f200000|100%| S|CS|TAMS 0x000000008f100000, 0x000000008f100000| Complete 
|  94|0x000000008f200000, 0x000000008f300000, 0x000000008f300000|100%| S|CS|TAMS 0x000000008f200000, 0x000000008f200000| Complete 
|  95|0x000000008f300000, 0x000000008f400000, 0x000000008f400000|100%| S|CS|TAMS 0x000000008f300000, 0x000000008f300000| Complete 
|  96|0x000000008f400000, 0x000000008f400000, 0x000000008f500000|  0%| F|  |TAMS 0x000000008f400000, 0x000000008f400000| Untracked 
|  97|0x000000008f500000, 0x000000008f500000, 0x000000008f600000|  0%| F|  |TAMS 0x000000008f500000, 0x000000008f500000| Untracked 
|  98|0x000000008f600000, 0x000000008f600000, 0x000000008f700000|  0%| F|  |TAMS 0x000000008f600000, 0x000000008f600000| Untracked 
|  99|0x000000008f700000, 0x000000008f700000, 0x000000008f800000|  0%| F|  |TAMS 0x000000008f700000, 0x000000008f700000| Untracked 
| 100|0x000000008f800000, 0x000000008f800000, 0x000000008f900000|  0%| F|  |TAMS 0x000000008f800000, 0x000000008f800000| Untracked 
| 101|0x000000008f900000, 0x000000008f900000, 0x000000008fa00000|  0%| F|  |TAMS 0x000000008f900000, 0x000000008f900000| Untracked 
| 102|0x000000008fa00000, 0x000000008fa00000, 0x000000008fb00000|  0%| F|  |TAMS 0x000000008fa00000, 0x000000008fa00000| Untracked 
| 103|0x000000008fb00000, 0x000000008fb00000, 0x000000008fc00000|  0%| F|  |TAMS 0x000000008fb00000, 0x000000008fb00000| Untracked 
| 104|0x000000008fc00000, 0x000000008fc00000, 0x000000008fd00000|  0%| F|  |TAMS 0x000000008fc00000, 0x000000008fc00000| Untracked 
| 105|0x000000008fd00000, 0x000000008fd00000, 0x000000008fe00000|  0%| F|  |TAMS 0x000000008fd00000, 0x000000008fd00000| Untracked 
| 106|0x000000008fe00000, 0x000000008fe00000, 0x000000008ff00000|  0%| F|  |TAMS 0x000000008fe00000, 0x000000008fe00000| Untracked 
| 107|0x000000008ff00000, 0x000000008ff00000, 0x0000000090000000|  0%| F|  |TAMS 0x000000008ff00000, 0x000000008ff00000| Untracked 
| 108|0x0000000090000000, 0x0000000090000000, 0x0000000090100000|  0%| F|  |TAMS 0x0000000090000000, 0x0000000090000000| Untracked 
| 109|0x0000000090100000, 0x0000000090100000, 0x0000000090200000|  0%| F|  |TAMS 0x0000000090100000, 0x0000000090100000| Untracked 
| 110|0x0000000090200000, 0x0000000090200000, 0x0000000090300000|  0%| F|  |TAMS 0x0000000090200000, 0x0000000090200000| Untracked 
| 111|0x0000000090300000, 0x0000000090300000, 0x0000000090400000|  0%| F|  |TAMS 0x0000000090300000, 0x0000000090300000| Untracked 
| 112|0x0000000090400000, 0x0000000090400000, 0x0000000090500000|  0%| F|  |TAMS 0x0000000090400000, 0x0000000090400000| Untracked 
| 113|0x0000000090500000, 0x0000000090500000, 0x0000000090600000|  0%| F|  |TAMS 0x0000000090500000, 0x0000000090500000| Untracked 
| 114|0x0000000090600000, 0x0000000090600000, 0x0000000090700000|  0%| F|  |TAMS 0x0000000090600000, 0x0000000090600000| Untracked 
| 115|0x0000000090700000, 0x0000000090700000, 0x0000000090800000|  0%| F|  |TAMS 0x0000000090700000, 0x0000000090700000| Untracked 
| 116|0x0000000090800000, 0x0000000090800000, 0x0000000090900000|  0%| F|  |TAMS 0x0000000090800000, 0x0000000090800000| Untracked 
| 117|0x0000000090900000, 0x0000000090900000, 0x0000000090a00000|  0%| F|  |TAMS 0x0000000090900000, 0x0000000090900000| Untracked 
| 118|0x0000000090a00000, 0x0000000090a80800, 0x0000000090b00000| 50%| E|  |TAMS 0x0000000090a00000, 0x0000000090a00000| Complete 
| 119|0x0000000090b00000, 0x0000000090c00000, 0x0000000090c00000|100%| E|CS|TAMS 0x0000000090b00000, 0x0000000090b00000| Complete 
| 120|0x0000000090c00000, 0x0000000090d00000, 0x0000000090d00000|100%| E|CS|TAMS 0x0000000090c00000, 0x0000000090c00000| Complete 
| 121|0x0000000090d00000, 0x0000000090e00000, 0x0000000090e00000|100%| E|CS|TAMS 0x0000000090d00000, 0x0000000090d00000| Complete 
| 122|0x0000000090e00000, 0x0000000090f00000, 0x0000000090f00000|100%| E|CS|TAMS 0x0000000090e00000, 0x0000000090e00000| Complete 
| 123|0x0000000090f00000, 0x0000000091000000, 0x0000000091000000|100%| E|CS|TAMS 0x0000000090f00000, 0x0000000090f00000| Complete 
| 124|0x0000000091000000, 0x0000000091100000, 0x0000000091100000|100%| E|CS|TAMS 0x0000000091000000, 0x0000000091000000| Complete 
| 125|0x0000000091100000, 0x0000000091200000, 0x0000000091200000|100%| E|CS|TAMS 0x0000000091100000, 0x0000000091100000| Complete 
| 126|0x0000000091200000, 0x0000000091300000, 0x0000000091300000|100%| E|CS|TAMS 0x0000000091200000, 0x0000000091200000| Complete 
| 127|0x0000000091300000, 0x0000000091400000, 0x0000000091400000|100%| E|CS|TAMS 0x0000000091300000, 0x0000000091300000| Complete 
| 128|0x0000000091400000, 0x0000000091500000, 0x0000000091500000|100%| E|CS|TAMS 0x0000000091400000, 0x0000000091400000| Complete 
| 129|0x0000000091500000, 0x0000000091600000, 0x0000000091600000|100%| E|CS|TAMS 0x0000000091500000, 0x0000000091500000| Complete 
| 130|0x0000000091600000, 0x0000000091700000, 0x0000000091700000|100%| E|CS|TAMS 0x0000000091600000, 0x0000000091600000| Complete 
| 131|0x0000000091700000, 0x0000000091800000, 0x0000000091800000|100%| E|CS|TAMS 0x0000000091700000, 0x0000000091700000| Complete 
| 132|0x0000000091800000, 0x0000000091900000, 0x0000000091900000|100%| E|CS|TAMS 0x0000000091800000, 0x0000000091800000| Complete 
| 133|0x0000000091900000, 0x0000000091a00000, 0x0000000091a00000|100%| E|CS|TAMS 0x0000000091900000, 0x0000000091900000| Complete 
| 134|0x0000000091a00000, 0x0000000091b00000, 0x0000000091b00000|100%| E|CS|TAMS 0x0000000091a00000, 0x0000000091a00000| Complete 
| 135|0x0000000091b00000, 0x0000000091c00000, 0x0000000091c00000|100%| E|CS|TAMS 0x0000000091b00000, 0x0000000091b00000| Complete 
| 136|0x0000000091c00000, 0x0000000091d00000, 0x0000000091d00000|100%| E|CS|TAMS 0x0000000091c00000, 0x0000000091c00000| Complete 
| 137|0x0000000091d00000, 0x0000000091e00000, 0x0000000091e00000|100%| E|CS|TAMS 0x0000000091d00000, 0x0000000091d00000| Complete 
| 138|0x0000000091e00000, 0x0000000091f00000, 0x0000000091f00000|100%| E|CS|TAMS 0x0000000091e00000, 0x0000000091e00000| Complete 
| 139|0x0000000091f00000, 0x0000000092000000, 0x0000000092000000|100%| E|CS|TAMS 0x0000000091f00000, 0x0000000091f00000| Complete 
| 140|0x0000000092000000, 0x0000000092100000, 0x0000000092100000|100%| E|CS|TAMS 0x0000000092000000, 0x0000000092000000| Complete 
| 141|0x0000000092100000, 0x0000000092200000, 0x0000000092200000|100%| E|CS|TAMS 0x0000000092100000, 0x0000000092100000| Complete 
| 142|0x0000000092200000, 0x0000000092300000, 0x0000000092300000|100%| E|CS|TAMS 0x0000000092200000, 0x0000000092200000| Complete 
| 143|0x0000000092300000, 0x0000000092400000, 0x0000000092400000|100%| E|CS|TAMS 0x0000000092300000, 0x0000000092300000| Complete 
| 144|0x0000000092400000, 0x0000000092500000, 0x0000000092500000|100%| E|CS|TAMS 0x0000000092400000, 0x0000000092400000| Complete 
| 145|0x0000000092500000, 0x0000000092600000, 0x0000000092600000|100%| E|CS|TAMS 0x0000000092500000, 0x0000000092500000| Complete 
| 146|0x0000000092600000, 0x0000000092700000, 0x0000000092700000|100%| E|CS|TAMS 0x0000000092600000, 0x0000000092600000| Complete 
| 147|0x0000000092700000, 0x0000000092800000, 0x0000000092800000|100%| E|CS|TAMS 0x0000000092700000, 0x0000000092700000| Complete 
| 148|0x0000000092800000, 0x0000000092900000, 0x0000000092900000|100%| E|CS|TAMS 0x0000000092800000, 0x0000000092800000| Complete 
| 149|0x0000000092900000, 0x0000000092a00000, 0x0000000092a00000|100%| E|CS|TAMS 0x0000000092900000, 0x0000000092900000| Complete 
| 150|0x0000000092a00000, 0x0000000092b00000, 0x0000000092b00000|100%| E|CS|TAMS 0x0000000092a00000, 0x0000000092a00000| Complete 
| 151|0x0000000092b00000, 0x0000000092c00000, 0x0000000092c00000|100%| E|CS|TAMS 0x0000000092b00000, 0x0000000092b00000| Complete 
| 152|0x0000000092c00000, 0x0000000092d00000, 0x0000000092d00000|100%| E|CS|TAMS 0x0000000092c00000, 0x0000000092c00000| Complete 
| 153|0x0000000092d00000, 0x0000000092e00000, 0x0000000092e00000|100%| E|CS|TAMS 0x0000000092d00000, 0x0000000092d00000| Complete 
| 154|0x0000000092e00000, 0x0000000092f00000, 0x0000000092f00000|100%| E|CS|TAMS 0x0000000092e00000, 0x0000000092e00000| Complete 
| 155|0x0000000092f00000, 0x0000000093000000, 0x0000000093000000|100%| E|CS|TAMS 0x0000000092f00000, 0x0000000092f00000| Complete 

Card table byte_map: [0x0000021f3d900000,0x0000021f3dcc0000] _byte_map_base: 0x0000021f3d4b6000

Marking Bits (Prev, Next): (CMBitMap*) 0x0000021f292b41d0, (CMBitMap*) 0x0000021f292b4210
 Prev Bits: [0x0000021f3e080000, 0x0000021f3fe30000)
 Next Bits: [0x0000021f3fe30000, 0x0000021f41be0000)

Polling page: 0x0000021f29320000

Metaspace:

Usage:
  Non-class:     56.33 MB used.
      Class:      7.23 MB used.
       Both:     63.57 MB used.

Virtual space:
  Non-class space:       64.00 MB reserved,      56.50 MB ( 88%) committed,  1 nodes.
      Class space:        1.00 GB reserved,       7.31 MB ( <1%) committed,  1 nodes.
             Both:        1.06 GB reserved,      63.81 MB (  6%) committed. 

Chunk freelists:
   Non-Class:  6.98 MB
       Class:  8.63 MB
        Both:  15.61 MB

MaxMetaspaceSize: unlimited
CompressedClassSpaceSize: 1.00 GB
Initial GC threshold: 21.00 MB
Current GC threshold: 92.81 MB
CDS: off
MetaspaceReclaimPolicy: balanced
 - commit_granule_bytes: 65536.
 - commit_granule_words: 8192.
 - virtual_space_node_default_size: 8388608.
 - enlarge_chunks_in_place: 1.
 - new_chunks_are_fully_committed: 0.
 - uncommit_free_chunks: 1.
 - use_allocation_guard: 0.
 - handle_deallocations: 1.


Internal statistics:

num_allocs_failed_limit: 9.
num_arena_births: 294.
num_arena_deaths: 0.
num_vsnodes_births: 2.
num_vsnodes_deaths: 0.
num_space_committed: 1019.
num_space_uncommitted: 0.
num_chunks_returned_to_freelist: 9.
num_chunks_taken_from_freelist: 2347.
num_chunk_merges: 9.
num_chunk_splits: 1909.
num_chunks_enlarged: 1677.
num_inconsistent_stats: 0.

CodeHeap 'non-profiled nmethods': size=120000Kb used=4435Kb max_used=4435Kb free=115564Kb
 bounds [0x0000021f359e0000, 0x0000021f35e40000, 0x0000021f3cf10000]
CodeHeap 'profiled nmethods': size=120000Kb used=25769Kb max_used=25769Kb free=94230Kb
 bounds [0x0000021f2df10000, 0x0000021f2f880000, 0x0000021f35440000]
CodeHeap 'non-nmethods': size=5760Kb used=1294Kb max_used=1416Kb free=4465Kb
 bounds [0x0000021f35440000, 0x0000021f356b0000, 0x0000021f359e0000]
 total_blobs=9686 nmethods=9079 adapters=516
 compilation: enabled
              stopped_count=0, restarted_count=0
 full_count=0

Compilation events (20 events):
Event: 20.300 Thread 0x0000021f444bb7d0 10893       3       org.jetbrains.kotlin.load.java.lazy.descriptors.LazyJavaStaticClassScope::<init> (34 bytes)
Event: 20.302 Thread 0x0000021f444bb7d0 nmethod 10893 0x0000021f2e944f90 code [0x0000021f2e9452a0, 0x0000021f2e946248]
Event: 20.302 Thread 0x0000021f444bb7d0 10894       3       org.jetbrains.kotlin.load.java.lazy.descriptors.LazyJavaClassDescriptor$declaredParameters$1::<init> (11 bytes)
Event: 20.302 Thread 0x0000021f444bb7d0 nmethod 10894 0x0000021f2eb4e610 code [0x0000021f2eb4e7c0, 0x0000021f2eb4e9f8]
Event: 20.306 Thread 0x0000021f444bb7d0 10895       3       org.jetbrains.kotlin.resolve.SupertypeLoopCheckerImpl::findLoopsInSupertypesAndDisconnect (188 bytes)
Event: 20.312 Thread 0x0000021f444bb7d0 nmethod 10895 0x0000021f2f85f390 code [0x0000021f2f85f980, 0x0000021f2f862b08]
Event: 20.326 Thread 0x0000021f444bb7d0 10897       3       org.jetbrains.kotlin.load.java.lazy.descriptors.LazyJavaClassMemberScope::computeMemberIndex (8 bytes)
Event: 20.327 Thread 0x0000021f444bb7d0 nmethod 10897 0x0000021f2ece6510 code [0x0000021f2ece66c0, 0x0000021f2ece68c8]
Event: 20.328 Thread 0x0000021f444bb7d0 10898       3       org.jetbrains.kotlin.descriptors.impl.SimpleFunctionDescriptorImpl::copy (12 bytes)
Event: 20.328 Thread 0x0000021f444bb7d0 nmethod 10898 0x0000021f2edfad90 code [0x0000021f2edfaf40, 0x0000021f2edfb108]
Event: 20.329 Thread 0x0000021f444bb7d0 10899       3       org.jetbrains.kotlin.load.java.lazy.descriptors.LazyJavaClassMemberScope$nestedClassIndex$1::invoke (5 bytes)
Event: 20.329 Thread 0x0000021f444bb7d0 nmethod 10899 0x0000021f2e683590 code [0x0000021f2e683760, 0x0000021f2e683ad8]
Event: 20.329 Thread 0x0000021f444bb7d0 10900       3       org.jetbrains.kotlin.load.java.structure.impl.classFiles.BinaryJavaClass::getInnerClassNames (8 bytes)
Event: 20.330 Thread 0x0000021f444bb7d0 nmethod 10900 0x0000021f2e6cda10 code [0x0000021f2e6cdbc0, 0x0000021f2e6cdee8]
Event: 20.330 Thread 0x0000021f444bb7d0 10901       3       gnu.trove.THashMap::keySet (9 bytes)
Event: 20.330 Thread 0x0000021f444bb7d0 nmethod 10901 0x0000021f2e7d9010 code [0x0000021f2e7d91c0, 0x0000021f2e7d94f8]
Event: 20.336 Thread 0x0000021f444bb7d0 10902       3       org.jetbrains.kotlin.resolve.calls.results.OverloadResolutionResultsUtil::getResultingCall (124 bytes)
Event: 20.339 Thread 0x0000021f444bb7d0 nmethod 10902 0x0000021f2e9b5590 code [0x0000021f2e9b5820, 0x0000021f2e9b65a8]
Event: 20.373 Thread 0x0000021f444bb7d0 10903       3       org.jetbrains.kotlin.parsing.KotlinExpressionParsing::parseFunctionLiteral (341 bytes)
Event: 20.380 Thread 0x0000021f444bb7d0 nmethod 10903 0x0000021f2f863b10 code [0x0000021f2f864220, 0x0000021f2f868478]

GC Heap History (20 events):
Event: 6.347 GC heap before
{Heap before GC invocations=13 (full 0):
 garbage-first heap   total 64512K, used 49104K [0x0000000089400000, 0x0000000100000000)
  region size 1024K, 20 young (20480K), 3 survivors (3072K)
 Metaspace       used 47626K, committed 47808K, reserved 1114112K
  class space    used 5755K, committed 5824K, reserved 1048576K
}
Event: 6.357 GC heap after
{Heap after GC invocations=14 (full 0):
 garbage-first heap   total 79872K, used 31926K [0x0000000089400000, 0x0000000100000000)
  region size 1024K, 1 young (1024K), 1 survivors (1024K)
 Metaspace       used 47626K, committed 47808K, reserved 1114112K
  class space    used 5755K, committed 5824K, reserved 1048576K
}
Event: 7.340 GC heap before
{Heap before GC invocations=14 (full 0):
 garbage-first heap   total 79872K, used 55478K [0x0000000089400000, 0x0000000100000000)
  region size 1024K, 25 young (25600K), 1 survivors (1024K)
 Metaspace       used 51802K, committed 51968K, reserved 1114112K
  class space    used 6262K, committed 6336K, reserved 1048576K
}
Event: 7.358 GC heap after
{Heap after GC invocations=15 (full 0):
 garbage-first heap   total 79872K, used 36188K [0x0000000089400000, 0x0000000100000000)
  region size 1024K, 4 young (4096K), 4 survivors (4096K)
 Metaspace       used 51802K, committed 51968K, reserved 1114112K
  class space    used 6262K, committed 6336K, reserved 1048576K
}
Event: 8.219 GC heap before
{Heap before GC invocations=16 (full 0):
 garbage-first heap   total 79872K, used 59740K [0x0000000089400000, 0x0000000100000000)
  region size 1024K, 28 young (28672K), 4 survivors (4096K)
 Metaspace       used 54566K, committed 54784K, reserved 1114112K
  class space    used 6556K, committed 6656K, reserved 1048576K
}
Event: 8.241 GC heap after
{Heap after GC invocations=17 (full 0):
 garbage-first heap   total 79872K, used 39303K [0x0000000089400000, 0x0000000100000000)
  region size 1024K, 3 young (3072K), 3 survivors (3072K)
 Metaspace       used 54566K, committed 54784K, reserved 1114112K
  class space    used 6556K, committed 6656K, reserved 1048576K
}
Event: 8.272 GC heap before
{Heap before GC invocations=17 (full 0):
 garbage-first heap   total 79872K, used 40327K [0x0000000089400000, 0x0000000100000000)
  region size 1024K, 4 young (4096K), 3 survivors (3072K)
 Metaspace       used 54614K, committed 54848K, reserved 1114112K
  class space    used 6561K, committed 6656K, reserved 1048576K
}
Event: 8.284 GC heap after
{Heap after GC invocations=18 (full 0):
 garbage-first heap   total 79872K, used 39355K [0x0000000089400000, 0x0000000100000000)
  region size 1024K, 1 young (1024K), 1 survivors (1024K)
 Metaspace       used 54614K, committed 54848K, reserved 1114112K
  class space    used 6561K, committed 6656K, reserved 1048576K
}
Event: 9.193 GC heap before
{Heap before GC invocations=18 (full 0):
 garbage-first heap   total 79872K, used 60859K [0x0000000089400000, 0x0000000100000000)
  region size 1024K, 22 young (22528K), 1 survivors (1024K)
 Metaspace       used 56652K, committed 56896K, reserved 1114112K
  class space    used 6762K, committed 6848K, reserved 1048576K
}
Event: 9.215 GC heap after
{Heap after GC invocations=19 (full 0):
 garbage-first heap   total 79872K, used 44287K [0x0000000089400000, 0x0000000100000000)
  region size 1024K, 3 young (3072K), 3 survivors (3072K)
 Metaspace       used 56652K, committed 56896K, reserved 1114112K
  class space    used 6762K, committed 6848K, reserved 1048576K
}
Event: 10.001 GC heap before
{Heap before GC invocations=20 (full 0):
 garbage-first heap   total 79872K, used 61695K [0x0000000089400000, 0x0000000100000000)
  region size 1024K, 20 young (20480K), 3 survivors (3072K)
 Metaspace       used 57246K, committed 57536K, reserved 1114112K
  class space    used 6776K, committed 6912K, reserved 1048576K
}
Event: 10.027 GC heap after
{Heap after GC invocations=21 (full 0):
 garbage-first heap   total 79872K, used 47475K [0x0000000089400000, 0x0000000100000000)
  region size 1024K, 3 young (3072K), 3 survivors (3072K)
 Metaspace       used 57246K, committed 57536K, reserved 1114112K
  class space    used 6776K, committed 6912K, reserved 1048576K
}
Event: 10.050 GC heap before
{Heap before GC invocations=21 (full 0):
 garbage-first heap   total 79872K, used 48499K [0x0000000089400000, 0x0000000100000000)
  region size 1024K, 4 young (4096K), 3 survivors (3072K)
 Metaspace       used 57263K, committed 57536K, reserved 1114112K
  class space    used 6776K, committed 6912K, reserved 1048576K
}
Event: 10.065 GC heap after
{Heap after GC invocations=22 (full 0):
 garbage-first heap   total 159744K, used 47404K [0x0000000089400000, 0x0000000100000000)
  region size 1024K, 1 young (1024K), 1 survivors (1024K)
 Metaspace       used 57263K, committed 57536K, reserved 1114112K
  class space    used 6776K, committed 6912K, reserved 1048576K
}
Event: 11.033 GC heap before
{Heap before GC invocations=22 (full 0):
 garbage-first heap   total 159744K, used 108844K [0x0000000089400000, 0x0000000100000000)
  region size 1024K, 61 young (62464K), 1 survivors (1024K)
 Metaspace       used 57783K, committed 58048K, reserved 1114112K
  class space    used 6814K, committed 6912K, reserved 1048576K
}
Event: 11.049 GC heap after
{Heap after GC invocations=23 (full 0):
 garbage-first heap   total 159744K, used 52959K [0x0000000089400000, 0x0000000100000000)
  region size 1024K, 6 young (6144K), 6 survivors (6144K)
 Metaspace       used 57783K, committed 58048K, reserved 1114112K
  class space    used 6814K, committed 6912K, reserved 1048576K
}
Event: 12.938 GC heap before
{Heap before GC invocations=23 (full 0):
 garbage-first heap   total 159744K, used 109279K [0x0000000089400000, 0x0000000100000000)
  region size 1024K, 61 young (62464K), 6 survivors (6144K)
 Metaspace       used 61261K, committed 61504K, reserved 1114112K
  class space    used 7206K, committed 7296K, reserved 1048576K
}
Event: 12.968 GC heap after
{Heap after GC invocations=24 (full 0):
 garbage-first heap   total 159744K, used 59473K [0x0000000089400000, 0x0000000100000000)
  region size 1024K, 7 young (7168K), 7 survivors (7168K)
 Metaspace       used 61261K, committed 61504K, reserved 1114112K
  class space    used 7206K, committed 7296K, reserved 1048576K
}
Event: 16.549 GC heap before
{Heap before GC invocations=24 (full 0):
 garbage-first heap   total 159744K, used 116817K [0x0000000089400000, 0x0000000100000000)
  region size 1024K, 62 young (63488K), 7 survivors (7168K)
 Metaspace       used 64215K, committed 64448K, reserved 1114112K
  class space    used 7402K, committed 7488K, reserved 1048576K
}
Event: 16.588 GC heap after
{Heap after GC invocations=25 (full 0):
 garbage-first heap   total 159744K, used 67536K [0x0000000089400000, 0x0000000100000000)
  region size 1024K, 8 young (8192K), 8 survivors (8192K)
 Metaspace       used 64215K, committed 64448K, reserved 1114112K
  class space    used 7402K, committed 7488K, reserved 1048576K
}

Dll operation events (2 events):
Event: 0.013 Loaded shared library E:\android studio\jbr\bin\java.dll
Event: 2.472 Loaded shared library E:\android studio\jbr\bin\verify.dll

Deoptimization events (20 events):
Event: 19.165 Thread 0x0000021f2925d2c0 DEOPT PACKING pc=0x0000021f35cf8704 sp=0x000000876e4faba0
Event: 19.165 Thread 0x0000021f2925d2c0 DEOPT UNPACKING pc=0x0000021f354969a3 sp=0x000000876e4faae8 mode 2
Event: 19.165 Thread 0x0000021f2925d2c0 Uncommon trap: trap_request=0xffffff66 fr.pc=0x0000021f35cf8704 relative=0x00000000000018c4
Event: 19.165 Thread 0x0000021f2925d2c0 Uncommon trap: reason=speculate_class_check action=maybe_recompile pc=0x0000021f35cf8704 method=org.jetbrains.kotlin.types.model.TypeSystemCommonSuperTypesContext.typeDepth(Lorg/jetbrains/kotlin/types/model/KotlinTypeMarker;)I @ 9 c2
Event: 19.165 Thread 0x0000021f2925d2c0 DEOPT PACKING pc=0x0000021f35cf8704 sp=0x000000876e4fad90
Event: 19.166 Thread 0x0000021f2925d2c0 DEOPT UNPACKING pc=0x0000021f354969a3 sp=0x000000876e4facd8 mode 2
Event: 19.575 Thread 0x0000021f2925d2c0 Uncommon trap: trap_request=0xffffff66 fr.pc=0x0000021f35cf8704 relative=0x00000000000018c4
Event: 19.575 Thread 0x0000021f2925d2c0 Uncommon trap: reason=speculate_class_check action=maybe_recompile pc=0x0000021f35cf8704 method=org.jetbrains.kotlin.types.model.TypeSystemCommonSuperTypesContext.typeDepth(Lorg/jetbrains/kotlin/types/model/KotlinTypeMarker;)I @ 9 c2
Event: 19.575 Thread 0x0000021f2925d2c0 DEOPT PACKING pc=0x0000021f35cf8704 sp=0x000000876e4f7fd0
Event: 19.576 Thread 0x0000021f2925d2c0 DEOPT UNPACKING pc=0x0000021f354969a3 sp=0x000000876e4f7f18 mode 2
Event: 19.717 Thread 0x0000021f2925d2c0 Uncommon trap: trap_request=0xffffff45 fr.pc=0x0000021f35e1e778 relative=0x0000000000000058
Event: 19.717 Thread 0x0000021f2925d2c0 Uncommon trap: reason=unstable_if action=reinterpret pc=0x0000021f35e1e778 method=org.jetbrains.kotlin.types.typeUtil.TypeUtilsKt.isStubType(Lorg/jetbrains/kotlin/types/KotlinType;)Z @ 10 c2
Event: 19.717 Thread 0x0000021f2925d2c0 DEOPT PACKING pc=0x0000021f35e1e778 sp=0x000000876e4f3dc0
Event: 19.717 Thread 0x0000021f2925d2c0 DEOPT UNPACKING pc=0x0000021f354969a3 sp=0x000000876e4f3d48 mode 2
Event: 20.119 Thread 0x0000021f2925d2c0 Uncommon trap: trap_request=0xffffffbe fr.pc=0x0000021f35d08b48 relative=0x0000000000001168
Event: 20.119 Thread 0x0000021f2925d2c0 Uncommon trap: reason=profile_predicate action=maybe_recompile pc=0x0000021f35d08b48 method=org.jetbrains.kotlin.cli.jvm.index.JvmDependenciesIndexImpl.search(Lorg/jetbrains/kotlin/cli/jvm/index/JvmDependenciesIndexImpl$SearchRequest;Lkotlin/jvm/functions
Event: 20.119 Thread 0x0000021f2925d2c0 DEOPT PACKING pc=0x0000021f35d08b48 sp=0x000000876e4fa100
Event: 20.119 Thread 0x0000021f2925d2c0 DEOPT UNPACKING pc=0x0000021f354969a3 sp=0x000000876e4fa0b0 mode 2
Event: 20.324 Thread 0x0000021f2925d2c0 DEOPT PACKING pc=0x0000021f2f399d54 sp=0x000000876e4fb170
Event: 20.324 Thread 0x0000021f2925d2c0 DEOPT UNPACKING pc=0x0000021f35497143 sp=0x000000876e4fa658 mode 0

Classes unloaded (0 events):
No events

Classes redefined (0 events):
No events

Internal exceptions (20 events):
Event: 11.764 Thread 0x0000021f2925d2c0 Exception <a 'java/lang/NoSuchMethodError'{0x00000000911e2e48}: 'int java.lang.invoke.DirectMethodHandle$Holder.invokeStaticInit(java.lang.Object, int)'> (0x00000000911e2e48) 
thrown [s\src\hotspot\share\interpreter\linkResolver.cpp, line 771]
Event: 12.327 Thread 0x0000021f2925d2c0 Exception <a 'java/lang/NoSuchMethodError'{0x0000000090252ac0}: 'java.lang.Object java.lang.invoke.DirectMethodHandle$Holder.newInvokeSpecial(java.lang.Object, int, java.lang.Object, java.lang.Object)'> (0x0000000090252ac0) 
thrown [s\src\hotspot\share\interpreter\linkResolver.cpp, line 771]
Event: 12.429 Thread 0x0000021f2925d2c0 Implicit null exception at 0x0000021f35c45d12 to 0x0000021f35c47c5c
Event: 12.429 Thread 0x0000021f2925d2c0 Implicit null exception at 0x0000021f35c45d12 to 0x0000021f35c47c5c
Event: 12.429 Thread 0x0000021f2925d2c0 Implicit null exception at 0x0000021f35c45d12 to 0x0000021f35c47c5c
Event: 12.429 Thread 0x0000021f2925d2c0 Implicit null exception at 0x0000021f35c45d12 to 0x0000021f35c47c5c
Event: 12.429 Thread 0x0000021f2925d2c0 Implicit null exception at 0x0000021f35c45d12 to 0x0000021f35c47c5c
Event: 12.429 Thread 0x0000021f2925d2c0 Implicit null exception at 0x0000021f35c45d12 to 0x0000021f35c47c5c
Event: 12.429 Thread 0x0000021f2925d2c0 Implicit null exception at 0x0000021f35c45d12 to 0x0000021f35c47c5c
Event: 12.429 Thread 0x0000021f2925d2c0 Implicit null exception at 0x0000021f35c45d12 to 0x0000021f35c47c5c
Event: 12.429 Thread 0x0000021f2925d2c0 Implicit null exception at 0x0000021f35c45d12 to 0x0000021f35c47c5c
Event: 12.429 Thread 0x0000021f2925d2c0 Implicit null exception at 0x0000021f35c45d12 to 0x0000021f35c47c5c
Event: 12.429 Thread 0x0000021f2925d2c0 Implicit null exception at 0x0000021f35c45d12 to 0x0000021f35c47c5c
Event: 12.429 Thread 0x0000021f2925d2c0 Implicit null exception at 0x0000021f35c45d12 to 0x0000021f35c47c5c
Event: 12.429 Thread 0x0000021f2925d2c0 Implicit null exception at 0x0000021f35c2fb76 to 0x0000021f35c351b0
Event: 12.528 Thread 0x0000021f2925d2c0 Exception <a 'java/lang/NoSuchMethodError'{0x000000008ff79dc8}: 'java.lang.Object java.lang.invoke.DirectMethodHandle$Holder.newInvokeSpecial(java.lang.Object, java.lang.Object, java.lang.Object, java.lang.Object, java.lang.Object, java.lang.Object, java.lang.Object)'> (0x000000008ff79dc8) 
thrown [s\src\hotspot\share\interpreter\linkResolver.cpp, line 771]
Event: 12.529 Thread 0x0000021f2925d2c0 Exception <a 'java/lang/NoSuchMethodError'{0x000000008ff7e7f0}: 'java.lang.Object java.lang.invoke.Invokers$Holder.linkToTargetMethod(java.lang.Object, java.lang.Object, java.lang.Object, java.lang.Object, java.lang.Object, java.lang.Object, java.lang.Object)'> (0x000000008ff7e7f0) 
thrown [s\src\hotspot\share\interpreter\linkResolver.cpp, line 771]
Event: 13.040 Thread 0x0000021f2925d2c0 Implicit null exception at 0x0000021f35c23fe0 to 0x0000021f35c25094
Event: 13.765 Thread 0x0000021f2925d2c0 Implicit null exception at 0x0000021f35d292f5 to 0x0000021f35d29808
Event: 15.074 Thread 0x0000021f2925d2c0 Exception <a 'java/lang/NoSuchMethodError'{0x000000009175e518}: 'java.lang.Object java.lang.invoke.DirectMethodHandle$Holder.invokeStatic(java.lang.Object, int, java.lang.Object)'> (0x000000009175e518) 
thrown [s\src\hotspot\share\interpreter\linkResolver.cpp, line 771]

VM Operations (20 events):
Event: 17.260 Executing VM operation: HandshakeAllThreads
Event: 17.267 Executing VM operation: HandshakeAllThreads done
Event: 17.321 Executing VM operation: HandshakeAllThreads
Event: 17.321 Executing VM operation: HandshakeAllThreads done
Event: 17.594 Executing VM operation: ICBufferFull
Event: 17.594 Executing VM operation: ICBufferFull done
Event: 18.032 Executing VM operation: ICBufferFull
Event: 18.032 Executing VM operation: ICBufferFull done
Event: 18.087 Executing VM operation: HandshakeAllThreads
Event: 18.087 Executing VM operation: HandshakeAllThreads done
Event: 18.535 Executing VM operation: ICBufferFull
Event: 18.536 Executing VM operation: ICBufferFull done
Event: 18.921 Executing VM operation: ICBufferFull
Event: 18.921 Executing VM operation: ICBufferFull done
Event: 19.530 Executing VM operation: ICBufferFull
Event: 19.530 Executing VM operation: ICBufferFull done
Event: 19.987 Executing VM operation: ICBufferFull
Event: 19.988 Executing VM operation: ICBufferFull done
Event: 20.323 Executing VM operation: HandshakeAllThreads
Event: 20.323 Executing VM operation: HandshakeAllThreads done

Events (20 events):
Event: 17.344 Thread 0x0000021f444c9610 flushing nmethod 0x0000021f2efa7b90
Event: 17.344 Thread 0x0000021f444c9610 flushing nmethod 0x0000021f2efb9390
Event: 17.344 Thread 0x0000021f444c9610 flushing nmethod 0x0000021f2eff8d10
Event: 17.345 Thread 0x0000021f444c9610 flushing nmethod 0x0000021f2f012010
Event: 17.345 Thread 0x0000021f444c9610 flushing nmethod 0x0000021f2f070d90
Event: 17.345 Thread 0x0000021f444c9610 flushing nmethod 0x0000021f2f071b10
Event: 17.345 Thread 0x0000021f444c9610 flushing nmethod 0x0000021f2f0bcb90
Event: 17.345 Thread 0x0000021f444c9610 flushing nmethod 0x0000021f2f10c490
Event: 17.346 Thread 0x0000021f444c9610 flushing nmethod 0x0000021f2f14a610
Event: 17.346 Thread 0x0000021f444c9610 flushing nmethod 0x0000021f2f169610
Event: 17.348 Thread 0x0000021f444c9610 flushing nmethod 0x0000021f2f21ae90
Event: 17.348 Thread 0x0000021f444c9610 flushing nmethod 0x0000021f2f21d090
Event: 17.348 Thread 0x0000021f444c9610 flushing nmethod 0x0000021f2f231e90
Event: 17.348 Thread 0x0000021f444c9610 flushing nmethod 0x0000021f2f26a490
Event: 17.348 Thread 0x0000021f444c9610 flushing nmethod 0x0000021f2f2a3990
Event: 17.349 Thread 0x0000021f444c9610 flushing nmethod 0x0000021f2f2d0410
Event: 17.349 Thread 0x0000021f444c9610 flushing nmethod 0x0000021f2f2d1490
Event: 17.349 Thread 0x0000021f444c9610 flushing nmethod 0x0000021f2f327a10
Event: 17.350 Thread 0x0000021f444c9610 flushing nmethod 0x0000021f2f3a3410
Event: 17.352 Thread 0x0000021f444c9610 flushing nmethod 0x0000021f2f5d6090


Dynamic libraries:
0x00007ff7362b0000 - 0x00007ff7362ba000 	E:\android studio\jbr\bin\java.exe
0x00007ffa2ac10000 - 0x00007ffa2ae08000 	C:\WINDOWS\SYSTEM32\ntdll.dll
0x00007ffa2a120000 - 0x00007ffa2a1dd000 	C:\WINDOWS\System32\KERNEL32.DLL
0x00007ffa282c0000 - 0x00007ffa285b6000 	C:\WINDOWS\System32\KERNELBASE.dll
0x00007ffa285c0000 - 0x00007ffa286c0000 	C:\WINDOWS\System32\ucrtbase.dll
0x00007ffa0d9a0000 - 0x00007ffa0d9bb000 	E:\android studio\jbr\bin\VCRUNTIME140.dll
0x00007ffa1c5f0000 - 0x00007ffa1c607000 	E:\android studio\jbr\bin\jli.dll
0x00007ffa2a6b0000 - 0x00007ffa2a84f000 	C:\WINDOWS\System32\USER32.dll
0x00007ffa12880000 - 0x00007ffa12b1a000 	C:\WINDOWS\WinSxS\amd64_microsoft.windows.common-controls_6595b64144ccf1df_6.0.19041.4355_none_60b8b9eb71f62e16\COMCTL32.dll
0x00007ffa28b00000 - 0x00007ffa28b22000 	C:\WINDOWS\System32\win32u.dll
0x00007ffa2a1e0000 - 0x00007ffa2a27e000 	C:\WINDOWS\System32\msvcrt.dll
0x00007ffa2a330000 - 0x00007ffa2a35b000 	C:\WINDOWS\System32\GDI32.dll
0x00007ffa289e0000 - 0x00007ffa28af7000 	C:\WINDOWS\System32\gdi32full.dll
0x00007ffa28b30000 - 0x00007ffa28bcd000 	C:\WINDOWS\System32\msvcp_win.dll
0x00007ffa28db0000 - 0x00007ffa28de2000 	C:\WINDOWS\System32\IMM32.DLL
0x00007ffa1f3d0000 - 0x00007ffa1f3dc000 	E:\android studio\jbr\bin\vcruntime140_1.dll
0x00007ff9eae30000 - 0x00007ff9eaebd000 	E:\android studio\jbr\bin\msvcp140.dll
0x00007ff9dc0c0000 - 0x00007ff9dcd43000 	E:\android studio\jbr\bin\server\jvm.dll
0x00007ffa2a280000 - 0x00007ffa2a330000 	C:\WINDOWS\System32\ADVAPI32.dll
0x00007ffa2ab30000 - 0x00007ffa2abd0000 	C:\WINDOWS\System32\sechost.dll
0x00007ffa2aa00000 - 0x00007ffa2ab23000 	C:\WINDOWS\System32\RPCRT4.dll
0x00007ffa286c0000 - 0x00007ffa286e7000 	C:\WINDOWS\System32\bcrypt.dll
0x00007ffa28110000 - 0x00007ffa2815b000 	C:\WINDOWS\SYSTEM32\POWRPROF.dll
0x00007ffa1ce70000 - 0x00007ffa1ce79000 	C:\WINDOWS\SYSTEM32\WSOCK32.dll
0x00007ffa2a510000 - 0x00007ffa2a57b000 	C:\WINDOWS\System32\WS2_32.dll
0x00007ffa10d90000 - 0x00007ffa10db7000 	C:\WINDOWS\SYSTEM32\WINMM.dll
0x00007ffa170d0000 - 0x00007ffa170da000 	C:\WINDOWS\SYSTEM32\VERSION.dll
0x00007ffa280f0000 - 0x00007ffa28102000 	C:\WINDOWS\SYSTEM32\UMPDC.dll
0x00007ffa26a90000 - 0x00007ffa26aa2000 	C:\WINDOWS\SYSTEM32\kernel.appcore.dll
0x00007ffa1c5a0000 - 0x00007ffa1c5aa000 	E:\android studio\jbr\bin\jimage.dll
0x00007ffa26880000 - 0x00007ffa26a64000 	C:\WINDOWS\SYSTEM32\DBGHELP.DLL
0x00007ffa0a760000 - 0x00007ffa0a794000 	C:\WINDOWS\SYSTEM32\dbgcore.DLL
0x00007ffa287a0000 - 0x00007ffa28822000 	C:\WINDOWS\System32\bcryptPrimitives.dll
0x00007ffa16ea0000 - 0x00007ffa16ec5000 	E:\android studio\jbr\bin\java.dll
0x00007ffa1c580000 - 0x00007ffa1c598000 	E:\android studio\jbr\bin\zip.dll
0x00007ffa28df0000 - 0x00007ffa2955b000 	C:\WINDOWS\System32\SHELL32.dll
0x00007ffa26010000 - 0x00007ffa267ad000 	C:\WINDOWS\SYSTEM32\windows.storage.dll
0x00007ffa29b80000 - 0x00007ffa29ed3000 	C:\WINDOWS\System32\combase.dll
0x00007ffa27b30000 - 0x00007ffa27b5e000 	C:\WINDOWS\SYSTEM32\Wldp.dll
0x00007ffa29a50000 - 0x00007ffa29b1d000 	C:\WINDOWS\System32\OLEAUT32.dll
0x00007ffa2a950000 - 0x00007ffa2a9fd000 	C:\WINDOWS\System32\SHCORE.dll
0x00007ffa28cd0000 - 0x00007ffa28d25000 	C:\WINDOWS\System32\shlwapi.dll
0x00007ffa281f0000 - 0x00007ffa28214000 	C:\WINDOWS\SYSTEM32\profapi.dll
0x00007ffa1ce80000 - 0x00007ffa1ce99000 	E:\android studio\jbr\bin\net.dll
0x00007ffa171b0000 - 0x00007ffa172ba000 	C:\WINDOWS\SYSTEM32\WINHTTP.dll
0x00007ffa27910000 - 0x00007ffa2797a000 	C:\WINDOWS\system32\mswsock.dll
0x00007ffa16d10000 - 0x00007ffa16d26000 	E:\android studio\jbr\bin\nio.dll
0x00007ffa1ed30000 - 0x00007ffa1ed40000 	E:\android studio\jbr\bin\verify.dll

dbghelp: loaded successfully - version: 4.0.5 - missing functions: none
symbol engine: initialized successfully - sym options: 0x614 - pdb path: .;E:\android studio\jbr\bin;C:\WINDOWS\SYSTEM32;C:\WINDOWS\WinSxS\amd64_microsoft.windows.common-controls_6595b64144ccf1df_6.0.19041.4355_none_60b8b9eb71f62e16;E:\android studio\jbr\bin\server

VM Arguments:
java_command: org.jetbrains.kotlin.cli.jvm.K2JVMCompiler @C:\Users\Hp\Downloads\theSkillGuru\theSkillGuru\app\build\20240927_6218339884184355795.compiler.options
java_class_path (initial): C:\Users\Hp\.gradle\caches\modules-2\files-2.1\org.jetbrains.kotlin\kotlin-compiler-embeddable\1.9.0\2c8c3a7402becca891f12739b3e9fd2dc2adbd7a\kotlin-compiler-embeddable-1.9.0.jar;C:\Users\Hp\.gradle\caches\modules-2\files-2.1\org.jetbrains.kotlin\kotlin-stdlib\1.9.0\8ee15ef0c67dc83d874f412d84378d7f0eb50b63\kotlin-stdlib-1.9.0.jar;C:\Users\Hp\.gradle\caches\modules-2\files-2.1\org.jetbrains.kotlin\kotlin-script-runtime\1.9.0\4b3102cbbb7e1b58d9d1adf89563f00069ffa7d1\kotlin-script-runtime-1.9.0.jar;C:\Users\Hp\.gradle\caches\modules-2\files-2.1\org.jetbrains.kotlin\kotlin-reflect\1.6.10\1cbe9c92c12a94eea200d23c2bbaedaf3daf5132\kotlin-reflect-1.6.10.jar;C:\Users\Hp\.gradle\caches\modules-2\files-2.1\org.jetbrains.kotlin\kotlin-daemon-embeddable\1.9.0\186543f5e28cf8d9a0290fecc2cf34301c40a65c\kotlin-daemon-embeddable-1.9.0.jar;C:\Users\Hp\.gradle\caches\modules-2\files-2.1\org.jetbrains.intellij.deps\trove4j\1.0.20200330\3afb14d5f9ceb459d724e907a21145e8ff394f02\trove4j-1.0.20200330.jar;C:\Users\Hp\.gradle\caches\modules-2\files-2.1\org.jetbrains.kotlin\kotlin-stdlib-common\1.9.0\cd65c21cfd1eec4d44ef09f9f52b6d9f8a720636\kotlin-stdlib-common-1.9.0.jar;C:\Users\Hp\.gradle\caches\modules-2\files-2.1\org.jetbrains\annotations\13.0\919f0dfe192fb4e063e7dacadee7f8bb9a2672a9\annotations-13.0.jar
Launcher Type: SUN_STANDARD

[Global flags]
     intx CICompilerCount                          = 3                                         {product} {ergonomic}
     uint ConcGCThreads                            = 1                                         {product} {ergonomic}
     uint G1ConcRefinementThreads                  = 4                                         {product} {ergonomic}
   size_t G1HeapRegionSize                         = 1048576                                   {product} {ergonomic}
    uintx GCDrainStackTargetSize                   = 64                                        {product} {ergonomic}
   size_t InitialHeapSize                          = 125829120                                 {product} {ergonomic}
   size_t MarkStackSize                            = 4194304                                   {product} {ergonomic}
   size_t MaxHeapSize                              = 1992294400                                {product} {ergonomic}
   size_t MaxNewSize                               = 1195376640                                {product} {ergonomic}
   size_t MinHeapDeltaBytes                        = 1048576                                   {product} {ergonomic}
   size_t MinHeapSize                              = 8388608                                   {product} {ergonomic}
    uintx NonNMethodCodeHeapSize                   = 5832780                                {pd product} {ergonomic}
    uintx NonProfiledCodeHeapSize                  = 122912730                              {pd product} {ergonomic}
    uintx ProfiledCodeHeapSize                     = 122912730                              {pd product} {ergonomic}
    uintx ReservedCodeCacheSize                    = 251658240                              {pd product} {ergonomic}
     bool SegmentedCodeCache                       = true                                      {product} {ergonomic}
   size_t SoftMaxHeapSize                          = 1992294400                             {manageable} {ergonomic}
     bool UseCompressedClassPointers               = true                           {product lp64_product} {ergonomic}
     bool UseCompressedOops                        = true                           {product lp64_product} {ergonomic}
     bool UseG1GC                                  = true                                      {product} {ergonomic}
     bool UseLargePagesIndividualAllocation        = false                                  {pd product} {ergonomic}

Logging:
Log output configuration:
 #0: stdout all=warning uptime,level,tags
 #1: stderr all=off uptime,level,tags

Environment Variables:
PATH=C:\Program Files\Common Files\Oracle\Java\javapath;C:\Program Files (x86)\NVIDIA Corporation\PhysX\Common;C:\Windows\system32;C:\Windows;C:\Windows\System32\Wbem;C:\Windows\System32\WindowsPowerShell\v1.0\;C:\Windows\System32\OpenSSH\;C:\Program Files (x86)\Intel\Intel(R) Management Engine Components\DAL;C:\Program Files\Intel\Intel(R) Management Engine Components\DAL;C:\MinGW\bin;C:\adb;C:\WINDOWS\system32;C:\WINDOWS;C:\WINDOWS\System32\Wbem;C:\WINDOWS\System32\WindowsPowerShell\v1.0\;C:\WINDOWS\System32\OpenSSH\;C:\Program Files\nodejs\;C:\Program Files\Git\cmd;C:\Users\Hp\AppData\Local\Microsoft\WindowsApps;C:\Program Files\JetBrains\IntelliJ IDEA Community Edition 2023.1.4\bin;;C:\Users\Hp\AppData\Local\Programs\Microsoft VS Code\bin;C:\Program Files\Java\jdk-22\bin;C:\Users\Hp\AppData\Roaming\npm;
USERNAME=Hp
OS=Windows_NT
PROCESSOR_IDENTIFIER=Intel64 Family 6 Model 78 Stepping 3, GenuineIntel
TMP=C:\Users\Hp\AppData\Local\Temp
TEMP=C:\Users\Hp\AppData\Local\Temp



Periodic native trim disabled

JNI global refs:
JNI global refs: 11, weak refs: 11

JNI global refs memory usage: 843, weak refs: 841

Process memory usage:
Resident Set Size: 339404K (4% of 7774820K total physical memory with 356036K free physical memory)

OOME stack traces (most recent first):
Classloader memory used:
Loader jdk.internal.loader.ClassLoaders$AppClassLoader                                 : 6778K
Loader bootstrap                                                                       : 1340K
Loader jdk.internal.reflect.DelegatingClassLoader                                      : 20878B


---------------  S Y S T E M  ---------------

OS:
 Windows 10 , 64 bit Build 19041 (10.0.19041.3636)
OS uptime: 0 days 1:40 hours
Hyper-V role detected

CPU: total 4 (initial active 4) (2 cores per cpu, 2 threads per core) family 6 model 78 stepping 3 microcode 0xf0, cx8, cmov, fxsr, ht, mmx, 3dnowpref, sse, sse2, sse3, ssse3, sse4.1, sse4.2, popcnt, lzcnt, tsc, tscinvbit, avx, avx2, aes, erms, clmul, bmi1, bmi2, adx, fma, vzeroupper, clflush, clflushopt, hv
Processor Information for processor 0
  Max Mhz: 2400, Current Mhz: 2300, Mhz Limit: 2280
Processor Information for processor 1
  Max Mhz: 2400, Current Mhz: 1500, Mhz Limit: 2280
Processor Information for processor 2
  Max Mhz: 2400, Current Mhz: 2300, Mhz Limit: 2280
Processor Information for processor 3
  Max Mhz: 2400, Current Mhz: 1500, Mhz Limit: 2280

Memory: 4k page, system-wide physical 7592M (347M free)
TotalPageFile size 9640M (AvailPageFile size 6M)
current process WorkingSet (physical memory assigned to process): 331M, peak: 335M
current process commit charge ("private bytes"): 376M, peak: 379M

vm_info: OpenJDK 64-Bit Server VM (17.0.11+0--11852314) for windows-amd64 JRE (17.0.11+0--11852314), built on May 16 2024 21:29:20 by "androidbuild" with MS VC++ 16.10 / 16.11 (VS2019)

END.
